[debug] [2026-06-10T11:27:50.177Z] [Firebase Plugin] Activating Firebase extension.
[debug] [2026-06-10T11:27:53.826Z] [Firebase Plugin] requireAuthWrapper
[debug] [2026-06-10T11:27:53.827Z] > command requires scopes: ["email","openid","https://www.googleapis.com/auth/cloudplatformprojects.readonly","https://www.googleapis.com/auth/firebase","https://www.googleapis.com/auth/cloud-platform"]
[debug] [2026-06-10T11:27:53.842Z] [Firebase Plugin] VSCode notification server listening on port 40001
[error] [Firebase Plugin] requireAuth error: Could not load the default credentials. Browse to https://cloud.google.com/docs/authentication/getting-started for more information.
[info] [Firebase Plugin] Starting SQL Connect toolkit (version 3.4.6) on port 50001
[info] i  dataconnect: downloading dataconnect-emulator-3.4.6.exe... {"metadata":{"emulator":{"name":"dataconnect"},"message":"downloading dataconnect-emulator-3.4.6.exe..."}}
[debug] [2026-06-10T11:27:54.226Z] >>> [apiv2][query] GET https://storage.googleapis.com/firemat-preview-drop/emulator/dataconnect-emulator-windows-amd64-v3.4.6 
[debug] [2026-06-10T11:27:54.729Z] <<< [apiv2][status] GET https://storage.googleapis.com/firemat-preview-drop/emulator/dataconnect-emulator-windows-amd64-v3.4.6 200
[debug] [2026-06-10T11:27:54.729Z] <<< [apiv2][body] GET https://storage.googleapis.com/firemat-preview-drop/emulator/dataconnect-emulator-windows-amd64-v3.4.6 [stream]
[debug] [2026-06-10T11:27:59.469Z] 'fdc build' failed with error: Unable to build your SQL Connect schema and connectors (exit code 1): E0610 08:27:59.463115   21292 cmd.go:43] Error loading data connect config: could not find dataconnect.yaml in `c:\Users\Lauti\Documents\GitHub\madereracdj\dataconnect`
 {"metadata":{"emulator":{"name":"dataconnect"},"message":"'fdc build' failed with error: Unable to build your SQL Connect schema and connectors (exit code 1): E0610 08:27:59.463115   21292 cmd.go:43] Error loading data connect config: could not find dataconnect.yaml in `c:\\Users\\Lauti\\Documents\\GitHub\\madereracdj\\dataconnect`\n"}}
[debug] [2026-06-10T11:27:59.470Z] Ignoring unsupported arg: auto_download {"metadata":{"emulator":{"name":"dataconnect"},"message":"Ignoring unsupported arg: auto_download"}}
[debug] [2026-06-10T11:27:59.470Z] Ignoring unsupported arg: port {"metadata":{"emulator":{"name":"dataconnect"},"message":"Ignoring unsupported arg: port"}}
[debug] [2026-06-10T11:27:59.470Z] Starting SQL Connect Emulator with command {"binary":"C:\\Users\\Lauti\\.cache\\firebase\\emulators\\dataconnect-emulator-3.4.6.exe","args":["--logtostderr","-v=2","dev","--listen=localhost:50001","--config_dir=c:\\Users\\Lauti\\Documents\\GitHub\\madereracdj\\dataconnect","--enable_output_schema_extensions=true","--enable_output_generated_sdk=true"],"optionalArgs":["listen","config_dir","enable_output_schema_extensions","enable_output_generated_sdk"],"joinArgs":true,"shell":false,"port":9399} {"metadata":{"emulator":{"name":"dataconnect"},"message":"Starting SQL Connect Emulator with command {\"binary\":\"C:\\\\Users\\\\Lauti\\\\.cache\\\\firebase\\\\emulators\\\\dataconnect-emulator-3.4.6.exe\",\"args\":[\"--logtostderr\",\"-v=2\",\"dev\",\"--listen=localhost:50001\",\"--config_dir=c:\\\\Users\\\\Lauti\\\\Documents\\\\GitHub\\\\madereracdj\\\\dataconnect\",\"--enable_output_schema_extensions=true\",\"--enable_output_generated_sdk=true\"],\"optionalArgs\":[\"listen\",\"config_dir\",\"enable_output_schema_extensions\",\"enable_output_generated_sdk\"],\"joinArgs\":true,\"shell\":false,\"port\":9399}"}}
[info] i  dataconnect: SQL Connect Emulator logging to dataconnect-debug.log {"metadata":{"emulator":{"name":"dataconnect"},"message":"SQL Connect Emulator logging to \u001b[1mdataconnect-debug.log\u001b[22m"}}
[debug] [2026-06-10T11:27:59.502Z] E0610 08:27:59.499149   21276 dev.go:83] Failed to load initial config from "c:\\Users\\Lauti\\Documents\\GitHub\\madereracdj\\dataconnect": could not find dataconnect.yaml in `c:\Users\Lauti\Documents\GitHub\madereracdj\dataconnect`
 {"metadata":{"emulator":{"name":"dataconnect"},"message":"E0610 08:27:59.499149   21276 dev.go:83] Failed to load initial config from \"c:\\\\Users\\\\Lauti\\\\Documents\\\\GitHub\\\\madereracdj\\\\dataconnect\": could not find dataconnect.yaml in `c:\\Users\\Lauti\\Documents\\GitHub\\madereracdj\\dataconnect`\n"}}
[debug] [2026-06-10T11:27:59.502Z] E0610 08:27:59.502271   21276 watch.go:116] watchAllDir unable to walk dir `c:\Users\Lauti\Documents\GitHub\madereracdj\dataconnect`: GetFileAttributesEx c:\Users\Lauti\Documents\GitHub\madereracdj\dataconnect: The system cannot find the file specified.
 {"metadata":{"emulator":{"name":"dataconnect"},"message":"E0610 08:27:59.502271   21276 watch.go:116] watchAllDir unable to walk dir `c:\\Users\\Lauti\\Documents\\GitHub\\madereracdj\\dataconnect`: GetFileAttributesEx c:\\Users\\Lauti\\Documents\\GitHub\\madereracdj\\dataconnect: The system cannot find the file specified.\n"}}
[debug] [2026-06-10T11:27:59.510Z] I0610 08:27:59.510183   21276 dev.go:104] Listening on address (HTTP + gRPC): 127.0.0.1:50001
 {"metadata":{"emulator":{"name":"dataconnect"},"message":"I0610 08:27:59.510183   21276 dev.go:104] Listening on address (HTTP + gRPC): 127.0.0.1:50001\n"}}
[error] [Firebase Plugin] error:  {}
[debug] [2026-06-10T11:28:09.503Z] E0610 08:28:09.503365   21276 watch.go:40] Failed to load config from "c:\\Users\\Lauti\\Documents\\GitHub\\madereracdj\\dataconnect": could not find dataconnect.yaml in `c:\Users\Lauti\Documents\GitHub\madereracdj\dataconnect`
 {"metadata":{"emulator":{"name":"dataconnect"},"message":"E0610 08:28:09.503365   21276 watch.go:40] Failed to load config from \"c:\\\\Users\\\\Lauti\\\\Documents\\\\GitHub\\\\madereracdj\\\\dataconnect\": could not find dataconnect.yaml in `c:\\Users\\Lauti\\Documents\\GitHub\\madereracdj\\dataconnect`\n"}}
[info] [Firebase Plugin] Stopping SQL Connect toolkit
[warn] !  SQL Connect Emulator has exited upon receiving signal: SIGINT 
